Device Boot Report
InTouch log file: device5_intouch.log

2014-01-26 09:55:07: (log.c.166) server started at line: 31063
2014-01-26 09:58:04: Startup Success 
Elasped Time: 177000 ms

2014-01-26 12:15:18: (log.c.166) server started at line: 31274
Startup failed 

2014-01-26 14:02:39: (log.c.166) server started at line: 31293
2014-01-26 14:05:24: Startup Success 
Elasped Time: 165000 ms

2014-01-27 12:27:55: (log.c.166) server started at line: 32623
Startup failed 

2014-01-27 12:30:23: (log.c.166) server started at line: 32641
Startup failed 

2014-01-27 12:32:51: (log.c.166) server started at line: 32656
Startup failed 

2014-01-27 12:35:19: (log.c.166) server started at line: 32674
Startup failed 

2014-01-27 14:02:38: (log.c.166) server started at line: 32693
2014-01-27 14:05:21: Startup Success 
Elasped Time: 163000 ms

2014-01-28 12:44:17: (log.c.166) server started at line: 33709
Startup failed 

2014-01-28 14:02:33: (log.c.166) server started at line: 33725
2014-01-28 14:05:15: Startup Success 
Elasped Time: 162000 ms

2014-01-29 12:43:07: (log.c.166) server started at line: 34594
Startup failed 

2014-01-29 14:02:35: (log.c.166) server started at line: 34613
2014-01-29 14:05:19: Startup Success 
Elasped Time: 164000 ms

2014-01-30 12:43:05: (log.c.166) server started at line: 37428
Startup failed 

2014-01-30 14:02:40: (log.c.166) server started at line: 37447
2014-01-30 14:05:22: Startup Success 
Elasped Time: 162000 ms

2014-01-31 14:02:33: (log.c.166) server started at line: 38258
2014-01-31 14:05:16: Startup Success 
Elasped Time: 163000 ms

2014-02-01 12:39:38: (log.c.166) server started at line: 39150
Startup failed 

2014-02-01 12:42:07: (log.c.166) server started at line: 39166
Startup failed 

2014-02-01 14:02:32: (log.c.166) server started at line: 39182
2014-02-01 14:05:16: Startup Success 
Elasped Time: 164000 ms

2014-02-02 14:02:39: (log.c.166) server started at line: 40288
2014-02-02 14:05:31: Startup Success 
Elasped Time: 172000 ms

2014-02-03 12:35:55: (log.c.166) server started at line: 41615
Startup failed 

2014-02-03 12:38:22: (log.c.166) server started at line: 41633
Startup failed 

2014-02-03 12:40:48: (log.c.166) server started at line: 41648
Startup failed 

2014-02-03 12:43:17: (log.c.166) server started at line: 41666
Startup failed 

2014-02-03 12:45:46: (log.c.166) server started at line: 41684
Startup failed 

2014-02-03 14:02:34: (log.c.166) server started at line: 41694
2014-02-03 14:05:18: Startup Success 
Elasped Time: 164000 ms

